<?xml version="1.0" encoding="UTF-8"?>
<testsuite xmlns:xsi="http://www.w3.org/2001/XMLSchema-instance" xsi:noNamespaceSchemaLocation="https://maven.apache.org/surefire/maven-surefire-plugin/xsd/surefire-test-report.xsd" name="br.ufpb.dcx.amigosecreto.SistemaAmigoTest" time="0.03" tests="7" errors="0" skipped="0" failures="0">
  <properties>
[...]
</properties>
  <testcase name="testPesquisaAmigoEConfiguraAmigoSecretoDe" classname="br.ufpb.dcx.amigosecreto.SistemaAmigoTest" time="0.017"/>
  <testcase name="testPesquisaECadastraAmigo" classname="br.ufpb.dcx.amigosecreto.SistemaAmigoTest" time="0"/>
  <testcase name="testEnviarMensagemParaTodos" classname="br.ufpb.dcx.amigosecreto.SistemaAmigoTest" time="0.002"/>
  <testcase name="testSistemaAmigo" classname="br.ufpb.dcx.amigosecreto.SistemaAmigoTest" time="0.001"/>
  <testcase name="testPesquisaTodasAsMensagens" classname="br.ufpb.dcx.amigosecreto.SistemaAmigoTest" time="0.002"/>
  <testcase name="testEnviarMensagemParaAlguem" classname="br.ufpb.dcx.amigosecreto.SistemaAmigoTest" time="0"/>
  <testcase name="testPesquisaMensagensAnonimas" classname="br.ufpb.dcx.amigosecreto.SistemaAmigoTest" time="0.001"/>
</testsuite>